=========================================
Running IOR and MDTEST in containers
Nodes: slurm-worker-node-01 slurm-worker-node-02 
=========================================
=========================================
IOR WRITE TEST
=========================================
srun: error: slurm-worker-node-01: tasks 0-1: Exited with exit code 1
srun: error: slurm-worker-node-02: tasks 2-3: Exited with exit code 1
IOR Write logs saved to: /home/cloud/shared_dir/ior_mdtest_187/logs/ior_write_*.log
=========================================
IOR READ TEST
=========================================
srun: error: slurm-worker-node-01: tasks 0-1: Exited with exit code 1
srun: error: slurm-worker-node-02: tasks 2-3: Exited with exit code 1
IOR Read logs saved to: /home/cloud/shared_dir/ior_mdtest_187/logs/ior_read_*.log
=========================================
MDTEST
=========================================
srun: error: slurm-worker-node-01: tasks 0-1: Exited with exit code 1
srun: error: slurm-worker-node-02: tasks 2-3: Exited with exit code 1
MDTEST logs saved to: /home/cloud/shared_dir/ior_mdtest_187/logs/mdtest_*.log
=========================================
Benchmark Complete
=========================================
Summary of log files:
======================
Node: slurm-worker-node-01
  IOR Write: /home/cloud/shared_dir/ior_mdtest_187/logs/ior_write_slurm-worker-node-01.log
  IOR Read:  /home/cloud/shared_dir/ior_mdtest_187/logs/ior_read_slurm-worker-node-01.log
  MDTEST:    /home/cloud/shared_dir/ior_mdtest_187/logs/mdtest_slurm-worker-node-01.log
Node: slurm-worker-node-02
  IOR Write: /home/cloud/shared_dir/ior_mdtest_187/logs/ior_write_slurm-worker-node-02.log
  IOR Read:  /home/cloud/shared_dir/ior_mdtest_187/logs/ior_read_slurm-worker-node-02.log
  MDTEST:    /home/cloud/shared_dir/ior_mdtest_187/logs/mdtest_slurm-worker-node-02.log
=========================================
