=========================================
Running OSU Benchmarks in containers
Nodes: slurm-worker-node-01 slurm-worker-node-02 
=========================================
Hostfile content:
slurm-worker-node-01 slots=1
slurm-worker-node-02 slots=1

=========================================
OSU Latency Test
=========================================
time="2026-01-15T09:54:20+01:00" level=error msg="stat /run/user/1000: no such file or directory"
--------------------------------------------------------------------------
Primary job  terminated normally, but 1 process returned
a non-zero exit code. Per user-direction, the job has been aborted.
--------------------------------------------------------------------------
time="2026-01-15T09:54:20+01:00" level=error msg="stat /run/user/1000: no such file or directory"
--------------------------------------------------------------------------
mpirun detected that one or more processes exited with non-zero status, thus causing
the job to be terminated. The first process to do so was:

  Process name: [[47727,1],1]
  Exit code:    1
--------------------------------------------------------------------------

=========================================
OSU Bandwidth Test
=========================================
time="2026-01-15T09:54:21+01:00" level=error msg="stat /run/user/1000: no such file or directory"
--------------------------------------------------------------------------
Primary job  terminated normally, but 1 process returned
a non-zero exit code. Per user-direction, the job has been aborted.
--------------------------------------------------------------------------
time="2026-01-15T09:54:21+01:00" level=error msg="stat /run/user/1000: no such file or directory"
--------------------------------------------------------------------------
mpirun detected that one or more processes exited with non-zero status, thus causing
the job to be terminated. The first process to do so was:

  Process name: [[47730,1],0]
  Exit code:    1
--------------------------------------------------------------------------

=========================================
OSU Bidirectional Bandwidth Test
=========================================
time="2026-01-15T09:54:22+01:00" level=error msg="stat /run/user/1000: no such file or directory"
--------------------------------------------------------------------------
Primary job  terminated normally, but 1 process returned
a non-zero exit code. Per user-direction, the job has been aborted.
--------------------------------------------------------------------------
time="2026-01-15T09:54:22+01:00" level=error msg="stat /run/user/1000: no such file or directory"
--------------------------------------------------------------------------
mpirun detected that one or more processes exited with non-zero status, thus causing
the job to be terminated. The first process to do so was:

  Process name: [[47701,1],0]
  Exit code:    1
--------------------------------------------------------------------------

=========================================
OSU Allreduce Test
=========================================
time="2026-01-15T09:54:24+01:00" level=error msg="stat /run/user/1000: no such file or directory"
time="2026-01-15T09:54:24+01:00" level=error msg="stat /run/user/1000: no such file or directory"
--------------------------------------------------------------------------
Primary job  terminated normally, but 1 process returned
a non-zero exit code. Per user-direction, the job has been aborted.
--------------------------------------------------------------------------
--------------------------------------------------------------------------
mpirun detected that one or more processes exited with non-zero status, thus causing
the job to be terminated. The first process to do so was:

  Process name: [[47672,1],1]
  Exit code:    1
--------------------------------------------------------------------------

All benchmarks completed at Do 15. Jan 09:54:26 CET 2026
