=========================================
Running OSU Benchmarks in containers
Nodes: slurm-worker-node-01 slurm-worker-node-02 
=========================================
Hostfile content:
slurm-worker-node-01 slots=1
slurm-worker-node-02 slots=1

=========================================
OSU Latency Test
=========================================
mpirun: Error: unknown option "--output=/home/cloud/shared_dir/ior_mdtest_188/logs/podman_osu_latency_node_%N_task_%t.log"
Type 'mpirun --help' for usage.

=========================================
OSU Bandwidth Test
=========================================
mpirun: Error: unknown option "--output=/home/cloud/shared_dir/ior_mdtest_188/logs/podman_osu_bandwidth_node_%N_task_%t.log"
Type 'mpirun --help' for usage.

=========================================
OSU Bidirectional Bandwidth Test
=========================================
mpirun: Error: unknown option "--output=/home/cloud/shared_dir/ior_mdtest_188/logs/podman_osu_bibw_node_%N_task_%t.log"
Type 'mpirun --help' for usage.

=========================================
OSU Allreduce Test
=========================================
mpirun: Error: unknown option "--output=/home/cloud/shared_dir/ior_mdtest_188/logs/podman_osu_allreduce_node_%N_task_%t.log"
Type 'mpirun --help' for usage.

All benchmarks completed at Do 15. Jan 09:53:56 CET 2026
