=========================================
OSU Latency Test
=========================================

# OSU MPI Latency Test v7.4
# Datatype: MPI_CHAR.
# Size       Avg Latency(us)
1                       0.28
2                       0.22
4                       0.20
8                       0.19
16                      0.19
32                      0.19
64                      0.19
128                     0.19
256                     0.24
512                     0.30
1024                    0.27
2048                    0.35
4096                    1.25
8192                    1.45
16384                   2.11
32768                   3.00
65536                   4.82
131072                 12.13
262144                 28.67
524288                 58.62
1048576               115.10
2097152               232.43
4194304               552.07

=========================================
OSU Bandwidth Test
=========================================

# OSU MPI Bandwidth Test v7.4
# Datatype: MPI_CHAR.
# Size      Bandwidth (MB/s)
1                       4.70
2                       8.94
4                      17.54
8                      43.71
16                     54.11
32                    123.83
64                    237.00
128                   375.44
256                   677.74
512                  1181.56
1024                 1938.40
2048                 2767.30
4096                 2646.14
8192                 4326.96
16384                7212.91
32768               10592.49
65536               11564.79
131072              10944.35
262144               8594.62
524288               8046.05
1048576              8368.03
2097152              8200.37
4194304              7535.06

=========================================
OSU Bidirectional Bandwidth Test
=========================================

# OSU MPI Bi-Directional Bandwidth Test v7.4
# Datatype: MPI_CHAR.
# Size      Bandwidth (MB/s)
1                       3.09
2                      11.39
4                      23.08
8                      40.35
16                     56.42
32                    152.98
64                    211.43
128                   276.35
256                   473.22
512                   965.59
1024                 1596.80
2048                 2381.77
4096                 2713.45
8192                 4654.29
16384                7818.04
32768               12282.56
65536               18248.66
131072              18863.33
262144              10611.11
524288              12377.28
1048576             11863.12
2097152             12231.68
4194304             14745.81

=========================================
OSU Allreduce Test
=========================================

# OSU MPI Allreduce Latency Test v7.4
# Datatype: MPI_CHAR.
# Size       Avg Latency(us)
1                       0.68
2                       1.58
4                       1.27
8                       0.84
16                      0.71
32                      0.72
64                      0.76
128                     0.70
256                     0.95
512                     1.44
1024                    1.50
2048                    1.96
4096                    3.83
8192                    7.88
16384                  12.73
32768                  20.17
65536                  32.62
131072                 54.18
262144                 98.47
524288                156.77
1048576               293.30

=========================================
Completed
=========================================
